<?xml version="1.0" encoding="UTF-8"?>
<testng-results skipped="0" failed="0" ignored="0" total="1" passed="1">
  <reporter-output>
  </reporter-output>
  <suite name="Default suite" duration-ms="6040" started-at="2021-03-01T03:43:29Z" finished-at="2021-03-01T03:43:35Z">
    <groups>
    </groups>
    <test name="Default test" duration-ms="6040" started-at="2021-03-01T03:43:29Z" finished-at="2021-03-01T03:43:35Z">
      <class name="TestCases.Put_Update">
        <test-method status="PASS" signature="update_a_Product()[pri:0, instance:TestCases.Put_Update@159f197]" name="update_a_Product" duration-ms="5989" started-at="2021-03-01T03:43:29Z" finished-at="2021-03-01T03:43:35Z">
          <reporter-output>
          </reporter-output>
        </test-method> <!-- update_a_Product -->
      </class> <!-- TestCases.Put_Update -->
    </test> <!-- Default test -->
  </suite> <!-- Default suite -->
</testng-results>
